#
# There is insufficient memory for the Java Runtime Environment to continue.
# Native memory allocation (malloc) failed to allocate 760736 bytes for Chunk::new
# Possible reasons:
#   The system is out of physical RAM or swap space
#   In 32 bit mode, the process size limit was hit
# Possible solutions:
#   Reduce memory load on the system
#   Increase physical memory or swap space
#   Check if swap backing store is full
#   Use 64 bit Java on a 64 bit OS
#   Decrease Java heap size (-Xmx/-Xms)
#   Decrease number of Java threads
#   Decrease Java thread stack sizes (-Xss)
#   Set larger code cache with -XX:ReservedCodeCacheSize=
# This output file may be truncated or incomplete.
#
#  Out of Memory Error (allocation.cpp:390), pid=8668, tid=7008
#
# JRE version: Java(TM) SE Runtime Environment (8.0_25-b18) (build 1.8.0_25-b18)
# Java VM: Java HotSpot(TM) 64-Bit Server VM (25.25-b02 mixed mode windows-amd64 compressed oops)
# Failed to write core dump. Minidumps are not enabled by default on client versions of Windows
#

---------------  T H R E A D  ---------------

Current thread (0x00000000158ac800):  JavaThread "C2 CompilerThread0" daemon [_thread_in_native, id=7008, stack(0x0000000016e10000,0x0000000016f10000)]

Stack: [0x0000000016e10000,0x0000000016f10000]
Native frames: (J=compiled Java code, j=interpreted, Vv=VM code, C=native code)
V  [jvm.dll+0x31667a]
V  [jvm.dll+0x267073]
V  [jvm.dll+0x267cb3]
V  [jvm.dll+0x25f5b5]
V  [jvm.dll+0xbf165]
V  [jvm.dll+0xbf60c]
V  [jvm.dll+0x45d672]
V  [jvm.dll+0x49e8ef]
V  [jvm.dll+0x452668]
V  [jvm.dll+0x453864]
V  [jvm.dll+0x437372]
V  [jvm.dll+0x98a02]
V  [jvm.dll+0x991f3]
V  [jvm.dll+0x22bde4]
V  [jvm.dll+0x2852fa]
C  [msvcr100.dll+0x21d9f]
C  [msvcr100.dll+0x21e3b]
C  [KERNEL32.DLL+0x8364]
C  [ntdll.dll+0x65e91]


Current CompileTask:
C2:   8296 1758       4       com.android.dx.ssa.SCCP::simulatePhi (169 bytes)


---------------  P R O C E S S  ---------------

Java Threads: ( => current thread )
  0x00000000173a7800 JavaThread "pool-2-thread-4" [_thread_blocked, id=12940, stack(0x0000000017b10000,0x0000000017c10000)]
  0x00000000173a6800 JavaThread "pool-2-thread-3" [_thread_blocked, id=14508, stack(0x0000000017a10000,0x0000000017b10000)]
  0x00000000173a5800 JavaThread "pool-2-thread-2" [_thread_blocked, id=7188, stack(0x0000000017910000,0x0000000017a10000)]
  0x0000000017381000 JavaThread "pool-3-thread-1" [_thread_blocked, id=8164, stack(0x0000000017810000,0x0000000017910000)]
  0x000000001735f000 JavaThread "pool-2-thread-1" [_thread_in_Java, id=10116, stack(0x0000000017710000,0x0000000017810000)]
  0x0000000017114800 JavaThread "Service Thread" daemon [_thread_blocked, id=6380, stack(0x0000000017510000,0x0000000017610000)]
  0x000000001590c000 JavaThread "C1 CompilerThread2" daemon [_thread_blocked, id=5760, stack(0x0000000017010000,0x0000000017110000)]
  0x00000000158b0000 JavaThread "C2 CompilerThread1" daemon [_thread_in_native, id=9564, stack(0x0000000016f10000,0x0000000017010000)]
=>0x00000000158ac800 JavaThread "C2 CompilerThread0" daemon [_thread_in_native, id=7008, stack(0x0000000016e10000,0x0000000016f10000)]
  0x00000000158aa000 JavaThread "Attach Listener" daemon [_thread_blocked, id=6996, stack(0x0000000016d10000,0x0000000016e10000)]
  0x00000000158a9000 JavaThread "Signal Dispatcher" daemon [_thread_blocked, id=5240, stack(0x0000000016c10000,0x0000000016d10000)]
  0x00000000031cf800 JavaThread "Finalizer" daemon [_thread_blocked, id=6908, stack(0x0000000016b10000,0x0000000016c10000)]
  0x00000000031cc000 JavaThread "Reference Handler" daemon [_thread_blocked, id=8180, stack(0x0000000016a10000,0x0000000016b10000)]
  0x00000000030dd800 JavaThread "main" [_thread_blocked, id=10072, stack(0x0000000002f00000,0x0000000003000000)]

Other Threads:
  0x0000000015876000 VMThread [stack: 0x0000000016910000,0x0000000016a10000] [id=13252]
  0x0000000017117800 WatcherThread [stack: 0x0000000017610000,0x0000000017710000] [id=14908]

VM state:not at safepoint (normal execution)

VM Mutex/Monitor currently owned by a thread: None

Heap:
 PSYoungGen      total 35328K, used 4774K [0x00000000eab00000, 0x00000000ed000000, 0x0000000100000000)
  eden space 32768K, 6% used [0x00000000eab00000,0x00000000ead31938,0x00000000ecb00000)
  from space 2560K, 98% used [0x00000000ecd80000,0x00000000ecff8018,0x00000000ed000000)
  to   space 2560K, 0% used [0x00000000ecb00000,0x00000000ecb00000,0x00000000ecd80000)
 ParOldGen       total 44032K, used 12461K [0x00000000c0000000, 0x00000000c2b00000, 0x00000000eab00000)
  object space 44032K, 28% used [0x00000000c0000000,0x00000000c0c2b438,0x00000000c2b00000)
 Metaspace       used 6277K, capacity 7152K, committed 7296K, reserved 1056768K
  class space    used 592K, capacity 616K, committed 640K, reserved 1048576K

Card table byte_map: [0x00000000125a0000,0x00000000127b0000] byte_map_base: 0x0000000011fa0000

Marking Bits: (ParMarkBitMap*) 0x0000000053ded490
 Begin Bits: [0x0000000012d10000, 0x0000000013d10000)
 End Bits:   [0x0000000013d10000, 0x0000000014d10000)

Polling page: 0x00000000013d0000

CodeCache: size=245760Kb used=7343Kb max_used=7344Kb free=238416Kb
 bounds [0x00000000031e0000, 0x0000000003920000, 0x00000000121e0000]
 total_blobs=2086 nmethods=1821 adapters=178
 compilation: enabled

Compilation events (10 events):
Event: 8.173 Thread 0x00000000158ac800 nmethod 1804 0x0000000003906ad0 code [0x0000000003906c20, 0x0000000003906ed8]
Event: 8.173 Thread 0x00000000158ac800 1758       4       com.android.dx.ssa.SCCP::simulatePhi (169 bytes)
Event: 8.214 Thread 0x000000001590c000 1835   !   2       java.util.concurrent.ArrayBlockingQueue::offer (55 bytes)
Event: 8.214 Thread 0x000000001590c000 nmethod 1835 0x00000000039062d0 code [0x0000000003906480, 0x0000000003906798]
Event: 8.214 Thread 0x000000001590c000 1836       2       java.util.concurrent.ArrayBlockingQueue::checkNotNull (13 bytes)
Event: 8.214 Thread 0x000000001590c000 nmethod 1836 0x0000000003905ed0 code [0x0000000003906040, 0x0000000003906208]
Event: 8.215 Thread 0x000000001590c000 1837       2       java.util.concurrent.locks.ReentrantLock$FairSync::lock (6 bytes)
Event: 8.215 Thread 0x000000001590c000 nmethod 1837 0x00000000039059d0 code [0x0000000003905b60, 0x0000000003905d78]
Event: 8.253 Thread 0x000000001590c000 1839   !   2       java.util.concurrent.locks.AbstractQueuedSynchronizer::acquireQueued (93 bytes)
Event: 8.254 Thread 0x000000001590c000 nmethod 1839 0x0000000003904e90 code [0x0000000003905060, 0x0000000003905578]

GC Heap History (8 events):
Event: 2.138 GC heap before
{Heap before GC invocations=1 (full 0):
 PSYoungGen      total 18944K, used 16384K [0x00000000eab00000, 0x00000000ec000000, 0x0000000100000000)
  eden space 16384K, 100% used [0x00000000eab00000,0x00000000ebb00000,0x00000000ebb00000)
  from space 2560K, 0% used [0x00000000ebd80000,0x00000000ebd80000,0x00000000ec000000)
  to   space 2560K, 0% used [0x00000000ebb00000,0x00000000ebb00000,0x00000000ebd80000)
 ParOldGen       total 44032K, used 0K [0x00000000c0000000, 0x00000000c2b00000, 0x00000000eab00000)
  object space 44032K, 0% used [0x00000000c0000000,0x00000000c0000000,0x00000000c2b00000)
 Metaspace       used 5358K, capacity 6384K, committed 6528K, reserved 1056768K
  class space    used 580K, capacity 616K, committed 640K, reserved 1048576K
Event: 2.417 GC heap after
Heap after GC invocations=1 (full 0):
 PSYoungGen      total 18944K, used 2537K [0x00000000eab00000, 0x00000000ed000000, 0x0000000100000000)
  eden space 16384K, 0% used [0x00000000eab00000,0x00000000eab00000,0x00000000ebb00000)
  from space 2560K, 99% used [0x00000000ebb00000,0x00000000ebd7a770,0x00000000ebd80000)
  to   space 2560K, 0% used [0x00000000ecd80000,0x00000000ecd80000,0x00000000ed000000)
 ParOldGen       total 44032K, used 672K [0x00000000c0000000, 0x00000000c2b00000, 0x00000000eab00000)
  object space 44032K, 1% used [0x00000000c0000000,0x00000000c00a8020,0x00000000c2b00000)
 Metaspace       used 5358K, capacity 6384K, committed 6528K, reserved 1056768K
  class space    used 580K, capacity 616K, committed 640K, reserved 1048576K
}
Event: 4.224 GC heap before
{Heap before GC invocations=2 (full 0):
 PSYoungGen      total 18944K, used 18921K [0x00000000eab00000, 0x00000000ed000000, 0x0000000100000000)
  eden space 16384K, 100% used [0x00000000eab00000,0x00000000ebb00000,0x00000000ebb00000)
  from space 2560K, 99% used [0x00000000ebb00000,0x00000000ebd7a770,0x00000000ebd80000)
  to   space 2560K, 0% used [0x00000000ecd80000,0x00000000ecd80000,0x00000000ed000000)
 ParOldGen       total 44032K, used 672K [0x00000000c0000000, 0x00000000c2b00000, 0x00000000eab00000)
  object space 44032K, 1% used [0x00000000c0000000,0x00000000c00a8020,0x00000000c2b00000)
 Metaspace       used 5904K, capacity 6832K, committed 7040K, reserved 1056768K
  class space    used 589K, capacity 616K, committed 640K, reserved 1048576K
Event: 4.233 GC heap after
Heap after GC invocations=2 (full 0):
 PSYoungGen      total 35328K, used 2538K [0x00000000eab00000, 0x00000000ed000000, 0x0000000100000000)
  eden space 32768K, 0% used [0x00000000eab00000,0x00000000eab00000,0x00000000ecb00000)
  from space 2560K, 99% used [0x00000000ecd80000,0x00000000ecffaaa8,0x00000000ed000000)
  to   space 2560K, 0% used [0x00000000ecb00000,0x00000000ecb00000,0x00000000ecd80000)
 ParOldGen       total 44032K, used 2392K [0x00000000c0000000, 0x00000000c2b00000, 0x00000000eab00000)
  object space 44032K, 5% used [0x00000000c0000000,0x00000000c0256050,0x00000000c2b00000)
 Metaspace       used 5904K, capacity 6832K, committed 7040K, reserved 1056768K
  class space    used 589K, capacity 616K, committed 640K, reserved 1048576K
}
Event: 6.625 GC heap before
{Heap before GC invocations=3 (full 0):
 PSYoungGen      total 35328K, used 35306K [0x00000000eab00000, 0x00000000ed000000, 0x0000000100000000)
  eden space 32768K, 100% used [0x00000000eab00000,0x00000000ecb00000,0x00000000ecb00000)
  from space 2560K, 99% used [0x00000000ecd80000,0x00000000ecffaaa8,0x00000000ed000000)
  to   space 2560K, 0% used [0x00000000ecb00000,0x00000000ecb00000,0x00000000ecd80000)
 ParOldGen       total 44032K, used 2392K [0x00000000c0000000, 0x00000000c2b00000, 0x00000000eab00000)
  object space 44032K, 5% used [0x00000000c0000000,0x00000000c0256050,0x00000000c2b00000)
 Metaspace       used 6203K, capacity 7088K, committed 7296K, reserved 1056768K
  class space    used 590K, capacity 616K, committed 640K, reserved 1048576K
Event: 6.765 GC heap after
Heap after GC invocations=3 (full 0):
 PSYoungGen      total 35328K, used 2544K [0x00000000eab00000, 0x00000000ed000000, 0x0000000100000000)
  eden space 32768K, 0% used [0x00000000eab00000,0x00000000eab00000,0x00000000ecb00000)
  from space 2560K, 99% used [0x00000000ecb00000,0x00000000ecd7c028,0x00000000ecd80000)
  to   space 2560K, 0% used [0x00000000ecd80000,0x00000000ecd80000,0x00000000ed000000)
 ParOldGen       total 44032K, used 7173K [0x00000000c0000000, 0x00000000c2b00000, 0x00000000eab00000)
  object space 44032K, 16% used [0x00000000c0000000,0x00000000c0701540,0x00000000c2b00000)
 Metaspace       used 6203K, capacity 7088K, committed 7296K, reserved 1056768K
  class space    used 590K, capacity 616K, committed 640K, reserved 1048576K
}
Event: 8.079 GC heap before
{Heap before GC invocations=4 (full 0):
 PSYoungGen      total 35328K, used 35312K [0x00000000eab00000, 0x00000000ed000000, 0x0000000100000000)
  eden space 32768K, 100% used [0x00000000eab00000,0x00000000ecb00000,0x00000000ecb00000)
  from space 2560K, 99% used [0x00000000ecb00000,0x00000000ecd7c028,0x00000000ecd80000)
  to   space 2560K, 0% used [0x00000000ecd80000,0x00000000ecd80000,0x00000000ed000000)
 ParOldGen       total 44032K, used 7173K [0x00000000c0000000, 0x00000000c2b00000, 0x00000000eab00000)
  object space 44032K, 16% used [0x00000000c0000000,0x00000000c0701540,0x00000000c2b00000)
 Metaspace       used 6268K, capacity 7152K, committed 7296K, reserved 1056768K
  class space    used 592K, capacity 616K, committed 640K, reserved 1048576K
Event: 8.162 GC heap after
Heap after GC invocations=4 (full 0):
 PSYoungGen      total 35328K, used 2528K [0x00000000eab00000, 0x00000000ed000000, 0x0000000100000000)
  eden space 32768K, 0% used [0x00000000eab00000,0x00000000eab00000,0x00000000ecb00000)
  from space 2560K, 98% used [0x00000000ecd80000,0x00000000ecff8018,0x00000000ed000000)
  to   space 2560K, 0% used [0x00000000ecb00000,0x00000000ecb00000,0x00000000ecd80000)
 ParOldGen       total 44032K, used 12461K [0x00000000c0000000, 0x00000000c2b00000, 0x00000000eab00000)
  object space 44032K, 28% used [0x00000000c0000000,0x00000000c0c2b438,0x00000000c2b00000)
 Metaspace       used 6268K, capacity 7152K, committed 7296K, reserved 1056768K
  class space    used 592K, capacity 616K, committed 640K, reserved 1048576K
}

Deoptimization events (4 events):
Event: 3.336 Thread 0x00000000173a6800 Uncommon trap: reason=unreached action=reinterpret pc=0x000000000357155c method=com.android.dx.rop.cst.Constant.compareTo(Lcom/android/dx/rop/cst/Constant;)I @ 12
Event: 7.333 Thread 0x00000000173a5800 Uncommon trap: reason=bimorphic action=maybe_recompile pc=0x00000000038c1da4 method=com.android.dx.rop.code.RegisterSpec.withSimpleType()Lcom/android/dx/rop/code/RegisterSpec; @ 21
Event: 7.603 Thread 0x00000000173a6800 Uncommon trap: reason=unloaded action=reinterpret pc=0x000000000373cc88 method=com.android.dx.ssa.LiteralOpUpgrader$1.visitNonMoveInsn(Lcom/android/dx/ssa/NormalSsaInsn;)V @ 72
Event: 7.604 Thread 0x00000000173a6800 Uncommon trap: reason=unreached action=reinterpret pc=0x000000000364aa9c method=com.android.dx.ssa.SsaMethod.updateOneDefinition(Lcom/android/dx/ssa/SsaInsn;Lcom/android/dx/rop/code/RegisterSpec;)V @ 4

Internal exceptions (10 events):
Event: 2.903 Thread 0x00000000030dd800 Exception <a 'java/security/PrivilegedActionException'> (0x00000000eb053e68) thrown at [D:\re\workspace\8-2-build-windows-amd64-cygwin\jdk8u25\1677\hotspot\src\share\vm\prims\jvm.cpp, line 1312]
Event: 2.904 Thread 0x00000000030dd800 Exception <a 'java/security/PrivilegedActionException'> (0x00000000eb0567b0) thrown at [D:\re\workspace\8-2-build-windows-amd64-cygwin\jdk8u25\1677\hotspot\src\share\vm\prims\jvm.cpp, line 1312]
Event: 3.247 Thread 0x00000000173a6800 Exception <a 'java/security/PrivilegedActionException'> (0x00000000eb1bb288) thrown at [D:\re\workspace\8-2-build-windows-amd64-cygwin\jdk8u25\1677\hotspot\src\share\vm\prims\jvm.cpp, line 1312]
Event: 3.248 Thread 0x00000000173a6800 Exception <a 'java/security/PrivilegedActionException'> (0x00000000eb1c0cd8) thrown at [D:\re\workspace\8-2-build-windows-amd64-cygwin\jdk8u25\1677\hotspot\src\share\vm\prims\jvm.cpp, line 1312]
Event: 3.249 Thread 0x00000000173a6800 Exception <a 'java/security/PrivilegedActionException'> (0x00000000eb1c6418) thrown at [D:\re\workspace\8-2-build-windows-amd64-cygwin\jdk8u25\1677\hotspot\src\share\vm\prims\jvm.cpp, line 1312]
Event: 5.539 Thread 0x00000000030dd800 Exception <a 'java/security/PrivilegedActionException'> (0x00000000ebf07ed0) thrown at [D:\re\workspace\8-2-build-windows-amd64-cygwin\jdk8u25\1677\hotspot\src\share\vm\prims\jvm.cpp, line 1312]
Event: 5.542 Thread 0x00000000030dd800 Exception <a 'java/security/PrivilegedActionException'> (0x00000000ebf0a608) thrown at [D:\re\workspace\8-2-build-windows-amd64-cygwin\jdk8u25\1677\hotspot\src\share\vm\prims\jvm.cpp, line 1312]
Event: 6.997 Thread 0x00000000173a6800 Exception <a 'java/security/PrivilegedActionException'> (0x00000000eb27c748) thrown at [D:\re\workspace\8-2-build-windows-amd64-cygwin\jdk8u25\1677\hotspot\src\share\vm\prims\jvm.cpp, line 1312]
Event: 7.322 Thread 0x00000000173a5800 Exception <a 'java/security/PrivilegedActionException'> (0x00000000eb4a1030) thrown at [D:\re\workspace\8-2-build-windows-amd64-cygwin\jdk8u25\1677\hotspot\src\share\vm\prims\jvm.cpp, line 1312]
Event: 7.603 Thread 0x00000000173a6800 Exception <a 'java/security/PrivilegedActionException'> (0x00000000ec1777e8) thrown at [D:\re\workspace\8-2-build-windows-amd64-cygwin\jdk8u25\1677\hotspot\src\share\vm\prims\jvm.cpp, line 1312]

Events (10 events):
Event: 7.603 Thread 0x00000000173a6800 Uncommon trap: trap_request=0x0000004e fr.pc=0x000000000373cc88
Event: 7.603 loading class com/android/dx/rop/code/RegOps
Event: 7.603 loading class com/android/dx/rop/code/RegOps done
Event: 7.603 Thread 0x00000000173a6800 DEOPT PACKING pc=0x000000000373cc88 sp=0x0000000017b0e710
Event: 7.603 Thread 0x00000000173a6800 DEOPT UNPACKING pc=0x000000000322556a sp=0x0000000017b0e6c8 mode 2
Event: 7.604 Thread 0x00000000173a6800 Uncommon trap: trap_request=0xffffffad fr.pc=0x000000000364aa9c
Event: 7.604 Thread 0x00000000173a6800 DEOPT PACKING pc=0x000000000364aa9c sp=0x0000000017b0e540
Event: 7.604 Thread 0x00000000173a6800 DEOPT UNPACKING pc=0x000000000322556a sp=0x0000000017b0e4e8 mode 2
Event: 8.079 Executing VM operation: ParallelGCFailedAllocation
Event: 8.162 Executing VM operation: ParallelGCFailedAllocation done


Dynamic libraries:
0x00007ff737280000 - 0x00007ff7372b4000 	C:\Program Files\Java\jdk1.8.0_25\bin\java.exe
0x00007ffb01ca0000 - 0x00007ffb01e71000 	C:\WINDOWS\SYSTEM32\ntdll.dll
0x00007ffb00830000 - 0x00007ffb008db000 	C:\WINDOWS\System32\KERNEL32.DLL
0x00007ffafeff0000 - 0x00007ffaff20d000 	C:\WINDOWS\System32\KERNELBASE.dll
0x00007ffb01b30000 - 0x00007ffb01bd2000 	C:\WINDOWS\System32\ADVAPI32.dll
0x00007ffb016c0000 - 0x00007ffb0175e000 	C:\WINDOWS\System32\msvcrt.dll
0x00007ffb01a40000 - 0x00007ffb01a99000 	C:\WINDOWS\System32\sechost.dll
0x00007ffb00950000 - 0x00007ffb00a71000 	C:\WINDOWS\System32\RPCRT4.dll
0x00007ffb00f80000 - 0x00007ffb010e5000 	C:\WINDOWS\System32\USER32.dll
0x00007ffaff210000 - 0x00007ffaff22e000 	C:\WINDOWS\System32\win32u.dll
0x00007ffb01250000 - 0x00007ffb01284000 	C:\WINDOWS\System32\GDI32.dll
0x00007ffafe490000 - 0x00007ffafe612000 	C:\WINDOWS\System32\gdi32full.dll
0x00007ffaf1a60000 - 0x00007ffaf1cda000 	C:\WINDOWS\WinSxS\amd64_microsoft.windows.common-controls_6595b64144ccf1df_6.0.14393.351_none_4213128bc687e6d3\COMCTL32.dll
0x00007ffb00ae0000 - 0x00007ffb00da7000 	C:\WINDOWS\System32\combase.dll
0x00007ffafe240000 - 0x00007ffafe335000 	C:\WINDOWS\System32\ucrtbase.dll
0x00007ffafe7f0000 - 0x00007ffafe85a000 	C:\WINDOWS\System32\bcryptPrimitives.dll
0x00007ffb01b00000 - 0x00007ffb01b2e000 	C:\WINDOWS\System32\IMM32.DLL
0x0000000054790000 - 0x0000000054862000 	C:\Program Files\Java\jdk1.8.0_25\jre\bin\msvcr100.dll
0x0000000053610000 - 0x0000000053e6a000 	C:\Program Files\Java\jdk1.8.0_25\jre\bin\server\jvm.dll
0x00007ffb00810000 - 0x00007ffb00818000 	C:\WINDOWS\System32\PSAPI.DLL
0x00007ffaefa50000 - 0x00007ffaefa59000 	C:\WINDOWS\SYSTEM32\WSOCK32.dll
0x00007ffb008e0000 - 0x00007ffb0094a000 	C:\WINDOWS\System32\WS2_32.dll
0x00007ffafc5c0000 - 0x00007ffafc5e3000 	C:\WINDOWS\SYSTEM32\WINMM.dll
0x00007ffafc560000 - 0x00007ffafc58b000 	C:\WINDOWS\SYSTEM32\WINMMBASE.dll
0x00007ffafe1f0000 - 0x00007ffafe232000 	C:\WINDOWS\System32\cfgmgr32.dll
0x0000000054780000 - 0x000000005478f000 	C:\Program Files\Java\jdk1.8.0_25\jre\bin\verify.dll
0x0000000054750000 - 0x0000000054778000 	C:\Program Files\Java\jdk1.8.0_25\jre\bin\java.dll
0x0000000054730000 - 0x0000000054746000 	C:\Program Files\Java\jdk1.8.0_25\jre\bin\zip.dll
0x00007ffaff2a0000 - 0x00007ffb007a9000 	C:\WINDOWS\System32\SHELL32.dll
0x00007ffafe860000 - 0x00007ffafef3a000 	C:\WINDOWS\System32\windows.storage.dll
0x00007ffafe130000 - 0x00007ffafe17c000 	C:\WINDOWS\System32\powrprof.dll
0x00007ffb01aa0000 - 0x00007ffb01af2000 	C:\WINDOWS\System32\shlwapi.dll
0x00007ffafe180000 - 0x00007ffafe18f000 	C:\WINDOWS\System32\kernel.appcore.dll
0x00007ffafef40000 - 0x00007ffafefe9000 	C:\WINDOWS\System32\shcore.dll
0x00007ffafe100000 - 0x00007ffafe114000 	C:\WINDOWS\System32\profapi.dll
0x00007ffaf9d00000 - 0x00007ffaf9e92000 	C:\WINDOWS\SYSTEM32\dbghelp.dll

VM Arguments:
jvm_args: -Djava.awt.headless=true -Xmx1024M -Dfile.encoding=windows-1252 -Duser.country=US -Duser.language=en -Duser.variant 
java_command: com.android.dx.command.Main --dex --verbose --force-jumbo --num-threads=4 --multi-dex --output C:\Users\Louis\Documents\git\PhController\app\build\intermediates\transforms\dex\debug\folders\1000\10\internal_impl-24.0.0_9540009f83eebb3688f1b0991c34a79ce4baa7d8 C:\Users\Louis\Documents\git\PhController\app\build\intermediates\exploded-aar\com.android.support\support-v4\24.0.0\jars\libs\internal_impl-24.0.0.jar
java_class_path (initial): C:\Users\Louis\AppData\Local\Android\sdk\build-tools\23.0.2\lib\dx.jar
Launcher Type: SUN_STANDARD

Environment Variables:
JAVA_HOME=C:\Program Files\Java\jdk1.8.0_25
CLASSPATH=C:\Program Files\libsvm-3.20\java\libsvm.jar;C:\Program Files\wekaclassalgos1.8\wekaclassalgos.jar
PATH=C:\Python27\;C:\Python27\Scripts;C:\ProgramData\Oracle\Java\javapath;C:\Program Files (x86)\Intel\iCLS Client\;C:\Program Files\Intel\iCLS Client\;C:\WINDOWS\system32;C:\WINDOWS;C:\WINDOWS\System32\Wbem;C:\WINDOWS\System32\WindowsPowerShell\v1.0\;C:\Program Files\Intel\WiFi\bin\;C:\Program Files\Common Files\Intel\WirelessCommon\;C:\Program Files (x86)\Intel\OpenCL SDK\2.0\bin\x86;C:\Program Files (x86)\Intel\OpenCL SDK\2.0\bin\x64;C:\Program Files (x86)\Windows Live\Shared;C:\Program Files\Condusiv Technologies\IntelliMemory\;C:\Python27;C:\Program Files (x86)\PharosSystems\Core;C:\Program Files (x86)\MiKTeX 2.9\miktex\bin\;C:\WINDOWS\system32;C:\WINDOWS;C:\WINDOWS\System32\Wbem;C:\WINDOWS\System32\WindowsPowerShell\v1.0\;C:\Program Files\nodejs\;C:\WINDOWS\system32\config\systemprofile\.dnx\bin;C:\Program Files\Microsoft DNX\Dnvm\;C:\Program Files (x86)\Intel\Intel(R) Management Engine Components\DAL;C:\Program Files\Intel\Intel(R) Management Engine Components\DAL;C:\Program Files (x86)\Intel\Intel(R) Management Engine Components\IPT;C:\Program Files\Intel\Intel(R) Management Engine Components\IPT;C:\Program Files\MATLAB\R2016a\bin;C:\Program Files (x86)\Nmap;C:\Program Files (x86)\GnuWin32\bin;C:\Program Files\Java\jdk1.8.0_25\bin;C:\Program Files\MongoDb\Server\3.0\bin;C:\Program Files\libspotify\lib;C:\Program Files\apache-ant\bin;C:\Users\Louis\AppData\Roaming\MiKTeX\2.9\miktex\bin\;C:\Users\Louis\AppData\Roaming\npm;%USERPROFILE%\AppData\Local\Microsoft\WindowsApps;
USERNAME=Louis
OS=Windows_NT
PROCESSOR_IDENTIFIER=Intel64 Family 6 Model 58 Stepping 9, GenuineIntel



---------------  S Y S T E M  ---------------

OS: Windows 8.1 , 64 bit Build 9600 

CPU:total 4 (2 cores per cpu, 2 threads per core) family 6 model 58 stepping 9, cmov, cx8, fxsr, mmx, sse, sse2, sse3, ssse3, sse4.1, sse4.2, popcnt, avx, aes, clmul, erms, ht, tsc, tscinvbit, tscinv

Memory: 4k page, physical 4076052k(373800k free), swap 14377076k(3844k free)

vm_info: Java HotSpot(TM) 64-Bit Server VM (25.25-b02) for windows-amd64 JRE (1.8.0_25-b18), built on Oct  7 2014 14:25:37 by "java_re" with MS VC++ 10.0 (VS2010)

time: Sun Nov 13 23:15:23 2016
elapsed time: 8 seconds (0d 0h 0m 8s)

