#
# There is insufficient memory for the Java Runtime Environment to continue.
# Native memory allocation (malloc) failed to allocate 878496 bytes for Chunk::new
# Possible reasons:
#   The system is out of physical RAM or swap space
#   In 32 bit mode, the process size limit was hit
# Possible solutions:
#   Reduce memory load on the system
#   Increase physical memory or swap space
#   Check if swap backing store is full
#   Use 64 bit Java on a 64 bit OS
#   Decrease Java heap size (-Xmx/-Xms)
#   Decrease number of Java threads
#   Decrease Java thread stack sizes (-Xss)
#   Set larger code cache with -XX:ReservedCodeCacheSize=
# This output file may be truncated or incomplete.
#
#  Out of Memory Error (allocation.cpp:390), pid=15860, tid=8324
#
# JRE version: Java(TM) SE Runtime Environment (8.0_25-b18) (build 1.8.0_25-b18)
# Java VM: Java HotSpot(TM) 64-Bit Server VM (25.25-b02 mixed mode windows-amd64 compressed oops)
# Failed to write core dump. Minidumps are not enabled by default on client versions of Windows
#

---------------  T H R E A D  ---------------

Current thread (0x0000000014e26000):  JavaThread "C2 CompilerThread1" daemon [_thread_in_native, id=8324, stack(0x0000000016440000,0x0000000016540000)]

Stack: [0x0000000016440000,0x0000000016540000]
Native frames: (J=compiled Java code, j=interpreted, Vv=VM code, C=native code)
V  [jvm.dll+0x31667a]
V  [jvm.dll+0x267073]
V  [jvm.dll+0x267cb3]
V  [jvm.dll+0x25f5b5]
V  [jvm.dll+0xbf165]
V  [jvm.dll+0xbf60c]
V  [jvm.dll+0x45d672]
V  [jvm.dll+0x49e8ef]
V  [jvm.dll+0x452b41]
V  [jvm.dll+0x453864]
V  [jvm.dll+0x437372]
V  [jvm.dll+0x98a02]
V  [jvm.dll+0x991f3]
V  [jvm.dll+0x22bde4]
V  [jvm.dll+0x2852fa]
C  [msvcr100.dll+0x21d9f]
C  [msvcr100.dll+0x21e3b]
C  [KERNEL32.DLL+0x8364]
C  [ntdll.dll+0x65e91]


Current CompileTask:
C2:   3902 1276       4       com.android.dx.ssa.SCCP::simulateStmt (481 bytes)


---------------  P R O C E S S  ---------------

Java Threads: ( => current thread )
  0x0000000016acf000 JavaThread "pool-2-thread-4" [_thread_in_Java, id=8164, stack(0x0000000017840000,0x0000000017940000)]
  0x0000000016acc000 JavaThread "pool-2-thread-3" [_thread_in_Java, id=10116, stack(0x0000000017740000,0x0000000017840000)]
  0x0000000016acb000 JavaThread "pool-2-thread-2" [_thread_in_Java, id=14908, stack(0x0000000017640000,0x0000000017740000)]
  0x0000000016aca800 JavaThread "pool-3-thread-1" [_thread_blocked, id=6380, stack(0x0000000017540000,0x0000000017640000)]
  0x0000000016a7f000 JavaThread "pool-2-thread-1" [_thread_in_Java, id=5760, stack(0x0000000017440000,0x0000000017540000)]
  0x0000000014e3b000 JavaThread "Service Thread" daemon [_thread_blocked, id=13076, stack(0x0000000016640000,0x0000000016740000)]
  0x0000000014e34800 JavaThread "C1 CompilerThread2" daemon [_thread_in_vm, id=16380, stack(0x0000000016540000,0x0000000016640000)]
=>0x0000000014e26000 JavaThread "C2 CompilerThread1" daemon [_thread_in_native, id=8324, stack(0x0000000016440000,0x0000000016540000)]
  0x0000000014dde800 JavaThread "C2 CompilerThread0" daemon [_thread_in_native, id=3716, stack(0x0000000016340000,0x0000000016440000)]
  0x0000000014dda000 JavaThread "Attach Listener" daemon [_thread_blocked, id=12112, stack(0x0000000016240000,0x0000000016340000)]
  0x0000000014dd9000 JavaThread "Signal Dispatcher" daemon [_thread_blocked, id=8144, stack(0x0000000016140000,0x0000000016240000)]
  0x00000000026ff800 JavaThread "Finalizer" daemon [_thread_blocked, id=12584, stack(0x0000000016040000,0x0000000016140000)]
  0x00000000026fc000 JavaThread "Reference Handler" daemon [_thread_blocked, id=11420, stack(0x0000000015f40000,0x0000000016040000)]
  0x00000000025cd800 JavaThread "main" [_thread_in_native, id=14780, stack(0x0000000002490000,0x0000000002590000)]

Other Threads:
  0x0000000014da6000 VMThread [stack: 0x0000000015e40000,0x0000000015f40000] [id=14244]
  0x0000000014e3e800 WatcherThread [stack: 0x0000000016740000,0x0000000016840000] [id=13728]

VM state:not at safepoint (normal execution)

VM Mutex/Monitor currently owned by a thread:  ([mutex/lock_event])
[0x00000000025cd5a0] CompiledIC_lock - owner thread: 0x0000000014e34800

Heap:
 PSYoungGen      total 35328K, used 13287K [0x00000000eab00000, 0x00000000ed000000, 0x0000000100000000)
  eden space 32768K, 32% used [0x00000000eab00000,0x00000000eb57f228,0x00000000ecb00000)
  from space 2560K, 99% used [0x00000000ecd80000,0x00000000ecffaaa8,0x00000000ed000000)
  to   space 2560K, 0% used [0x00000000ecb00000,0x00000000ecb00000,0x00000000ecd80000)
 ParOldGen       total 44032K, used 2576K [0x00000000c0000000, 0x00000000c2b00000, 0x00000000eab00000)
  object space 44032K, 5% used [0x00000000c0000000,0x00000000c0284218,0x00000000c2b00000)
 Metaspace       used 6049K, capacity 6960K, committed 7040K, reserved 1056768K
  class space    used 591K, capacity 616K, committed 640K, reserved 1048576K

Card table byte_map: [0x0000000011ad0000,0x0000000011ce0000] byte_map_base: 0x00000000114d0000

Marking Bits: (ParMarkBitMap*) 0x0000000053ded490
 Begin Bits: [0x0000000012240000, 0x0000000013240000)
 End Bits:   [0x0000000013240000, 0x0000000014240000)

Polling page: 0x0000000000d30000

CodeCache: size=245760Kb used=5549Kb max_used=5549Kb free=240210Kb
 bounds [0x0000000002710000, 0x0000000002c80000, 0x0000000011710000]
 total_blobs=1668 nmethods=1403 adapters=178
 compilation: disabled (not enough contiguous free space left)

Compilation events (10 events):
Event: 3.870 Thread 0x0000000014e34800 nmethod 1390 0x0000000002c57710 code [0x0000000002c57e40, 0x0000000002c5cd48]
Event: 3.870 Thread 0x0000000014e34800 1391       3       com.android.dx.rop.type.Prototype::compareTo (120 bytes)
Event: 3.871 Thread 0x0000000014e34800 nmethod 1391 0x0000000002c62110 code [0x0000000002c62320, 0x0000000002c631b8]
Event: 3.871 Thread 0x0000000014e34800 1392   !   3       com.android.dx.cf.attrib.BaseLocalVariables::<init> (42 bytes)
Event: 3.872 Thread 0x0000000014e34800 nmethod 1392 0x0000000002c638d0 code [0x0000000002c63a80, 0x0000000002c64008]
Event: 3.872 Thread 0x0000000014e34800 1393       3       com.android.dx.cf.attrib.AttLocalVariableTable::<init> (8 bytes)
Event: 3.872 Thread 0x0000000014e34800 nmethod 1393 0x0000000002c64290 code [0x0000000002c64400, 0x0000000002c645a8]
Event: 3.872 Thread 0x0000000014e34800 1394       3       com.android.dx.rop.cst.CstKnownNull::hashCode (3 bytes)
Event: 3.872 Thread 0x0000000014e34800 nmethod 1394 0x0000000002c64650 code [0x0000000002c647a0, 0x0000000002c648f0]
Event: 3.873 Thread 0x0000000014e34800 1395       3       com.android.dx.cf.direct.StdAttributeFactory::code (613 bytes)

GC Heap History (4 events):
Event: 2.918 GC heap before
{Heap before GC invocations=1 (full 0):
 PSYoungGen      total 18944K, used 16384K [0x00000000eab00000, 0x00000000ec000000, 0x0000000100000000)
  eden space 16384K, 100% used [0x00000000eab00000,0x00000000ebb00000,0x00000000ebb00000)
  from space 2560K, 0% used [0x00000000ebd80000,0x00000000ebd80000,0x00000000ec000000)
  to   space 2560K, 0% used [0x00000000ebb00000,0x00000000ebb00000,0x00000000ebd80000)
 ParOldGen       total 44032K, used 0K [0x00000000c0000000, 0x00000000c2b00000, 0x00000000eab00000)
  object space 44032K, 0% used [0x00000000c0000000,0x00000000c0000000,0x00000000c2b00000)
 Metaspace       used 5451K, capacity 6448K, committed 6528K, reserved 1056768K
  class space    used 586K, capacity 616K, committed 640K, reserved 1048576K
Event: 3.020 GC heap after
Heap after GC invocations=1 (full 0):
 PSYoungGen      total 18944K, used 2538K [0x00000000eab00000, 0x00000000ed000000, 0x0000000100000000)
  eden space 16384K, 0% used [0x00000000eab00000,0x00000000eab00000,0x00000000ebb00000)
  from space 2560K, 99% used [0x00000000ebb00000,0x00000000ebd7a960,0x00000000ebd80000)
  to   space 2560K, 0% used [0x00000000ecd80000,0x00000000ecd80000,0x00000000ed000000)
 ParOldGen       total 44032K, used 920K [0x00000000c0000000, 0x00000000c2b00000, 0x00000000eab00000)
  object space 44032K, 2% used [0x00000000c0000000,0x00000000c00e6158,0x00000000c2b00000)
 Metaspace       used 5451K, capacity 6448K, committed 6528K, reserved 1056768K
  class space    used 586K, capacity 616K, committed 640K, reserved 1048576K
}
Event: 3.732 GC heap before
{Heap before GC invocations=2 (full 0):
 PSYoungGen      total 18944K, used 18922K [0x00000000eab00000, 0x00000000ed000000, 0x0000000100000000)
  eden space 16384K, 100% used [0x00000000eab00000,0x00000000ebb00000,0x00000000ebb00000)
  from space 2560K, 99% used [0x00000000ebb00000,0x00000000ebd7a960,0x00000000ebd80000)
  to   space 2560K, 0% used [0x00000000ecd80000,0x00000000ecd80000,0x00000000ed000000)
 ParOldGen       total 44032K, used 920K [0x00000000c0000000, 0x00000000c2b00000, 0x00000000eab00000)
  object space 44032K, 2% used [0x00000000c0000000,0x00000000c00e6158,0x00000000c2b00000)
 Metaspace       used 5959K, capacity 6896K, committed 7040K, reserved 1056768K
  class space    used 591K, capacity 616K, committed 640K, reserved 1048576K
Event: 3.744 GC heap after
Heap after GC invocations=2 (full 0):
 PSYoungGen      total 35328K, used 2538K [0x00000000eab00000, 0x00000000ed000000, 0x0000000100000000)
  eden space 32768K, 0% used [0x00000000eab00000,0x00000000eab00000,0x00000000ecb00000)
  from space 2560K, 99% used [0x00000000ecd80000,0x00000000ecffaaa8,0x00000000ed000000)
  to   space 2560K, 0% used [0x00000000ecb00000,0x00000000ecb00000,0x00000000ecd80000)
 ParOldGen       total 44032K, used 2576K [0x00000000c0000000, 0x00000000c2b00000, 0x00000000eab00000)
  object space 44032K, 5% used [0x00000000c0000000,0x00000000c0284218,0x00000000c2b00000)
 Metaspace       used 5959K, capacity 6896K, committed 7040K, reserved 1056768K
  class space    used 591K, capacity 616K, committed 640K, reserved 1048576K
}

Deoptimization events (1 events):
Event: 3.318 Thread 0x00000000025cd800 Uncommon trap: reason=null_check action=make_not_entrant pc=0x0000000002a206b8 method=com.android.dx.ssa.SsaRenamer.getLocalForNewReg(I)Lcom/android/dx/rop/code/LocalItem; @ 19

Internal exceptions (10 events):
Event: 2.778 Thread 0x0000000016a7f000 Exception <a 'java/security/PrivilegedActionException'> (0x00000000eb8c4850) thrown at [D:\re\workspace\8-2-build-windows-amd64-cygwin\jdk8u25\1677\hotspot\src\share\vm\prims\jvm.cpp, line 1312]
Event: 2.778 Thread 0x0000000016a7f000 Exception <a 'java/security/PrivilegedActionException'> (0x00000000eb8ca2a0) thrown at [D:\re\workspace\8-2-build-windows-amd64-cygwin\jdk8u25\1677\hotspot\src\share\vm\prims\jvm.cpp, line 1312]
Event: 2.779 Thread 0x0000000016a7f000 Exception <a 'java/security/PrivilegedActionException'> (0x00000000eb8cfa98) thrown at [D:\re\workspace\8-2-build-windows-amd64-cygwin\jdk8u25\1677\hotspot\src\share\vm\prims\jvm.cpp, line 1312]
Event: 2.781 Thread 0x00000000025cd800 Exception <a 'java/security/PrivilegedActionException'> (0x00000000eb9d1a68) thrown at [D:\re\workspace\8-2-build-windows-amd64-cygwin\jdk8u25\1677\hotspot\src\share\vm\prims\jvm.cpp, line 1312]
Event: 3.021 Thread 0x00000000025cd800 Exception <a 'java/security/PrivilegedActionException'> (0x00000000eab2bd58) thrown at [D:\re\workspace\8-2-build-windows-amd64-cygwin\jdk8u25\1677\hotspot\src\share\vm\prims\jvm.cpp, line 1312]
Event: 3.046 Thread 0x0000000016acf000 Exception <a 'java/security/PrivilegedActionException'> (0x00000000eab99f40) thrown at [D:\re\workspace\8-2-build-windows-amd64-cygwin\jdk8u25\1677\hotspot\src\share\vm\prims\jvm.cpp, line 1312]
Event: 3.049 Thread 0x0000000016acc000 Exception <a 'java/security/PrivilegedActionException'> (0x00000000eac52378) thrown at [D:\re\workspace\8-2-build-windows-amd64-cygwin\jdk8u25\1677\hotspot\src\share\vm\prims\jvm.cpp, line 1312]
Event: 3.318 Thread 0x00000000025cd800 Implicit null exception at 0x0000000002a1e943 to 0x0000000002a20691
Event: 3.437 Thread 0x0000000016a7f000 Exception <a 'java/security/PrivilegedActionException'> (0x00000000eb428800) thrown at [D:\re\workspace\8-2-build-windows-amd64-cygwin\jdk8u25\1677\hotspot\src\share\vm\prims\jvm.cpp, line 1312]
Event: 3.495 Thread 0x0000000016acc000 Exception <a 'java/security/PrivilegedActionException'> (0x00000000eb60d1d0) thrown at [D:\re\workspace\8-2-build-windows-amd64-cygwin\jdk8u25\1677\hotspot\src\share\vm\prims\jvm.cpp, line 1312]

Events (10 events):
Event: 3.369 Executing VM operation: ForceSafepoint
Event: 3.391 Executing VM operation: ForceSafepoint done
Event: 3.437 loading class com/android/dx/cf/code/SwitchList
Event: 3.437 loading class com/android/dx/cf/code/SwitchList done
Event: 3.465 loading class java/util/DualPivotQuicksort
Event: 3.465 loading class java/util/DualPivotQuicksort done
Event: 3.495 loading class com/android/dx/dex/file/FieldAnnotationStruct
Event: 3.495 loading class com/android/dx/dex/file/FieldAnnotationStruct done
Event: 3.699 Executing VM operation: ParallelGCFailedAllocation
Event: 3.744 Executing VM operation: ParallelGCFailedAllocation done


Dynamic libraries:
0x00007ff737280000 - 0x00007ff7372b4000 	C:\Program Files\Java\jdk1.8.0_25\bin\java.exe
0x00007ffb01ca0000 - 0x00007ffb01e71000 	C:\WINDOWS\SYSTEM32\ntdll.dll
0x00007ffb00830000 - 0x00007ffb008db000 	C:\WINDOWS\System32\KERNEL32.DLL
0x00007ffafeff0000 - 0x00007ffaff20d000 	C:\WINDOWS\System32\KERNELBASE.dll
0x00007ffb01b30000 - 0x00007ffb01bd2000 	C:\WINDOWS\System32\ADVAPI32.dll
0x00007ffb016c0000 - 0x00007ffb0175e000 	C:\WINDOWS\System32\msvcrt.dll
0x00007ffb01a40000 - 0x00007ffb01a99000 	C:\WINDOWS\System32\sechost.dll
0x00007ffb00950000 - 0x00007ffb00a71000 	C:\WINDOWS\System32\RPCRT4.dll
0x00007ffb00f80000 - 0x00007ffb010e5000 	C:\WINDOWS\System32\USER32.dll
0x00007ffaff210000 - 0x00007ffaff22e000 	C:\WINDOWS\System32\win32u.dll
0x00007ffb01250000 - 0x00007ffb01284000 	C:\WINDOWS\System32\GDI32.dll
0x00007ffafe490000 - 0x00007ffafe612000 	C:\WINDOWS\System32\gdi32full.dll
0x00007ffaf1a60000 - 0x00007ffaf1cda000 	C:\WINDOWS\WinSxS\amd64_microsoft.windows.common-controls_6595b64144ccf1df_6.0.14393.351_none_4213128bc687e6d3\COMCTL32.dll
0x00007ffb00ae0000 - 0x00007ffb00da7000 	C:\WINDOWS\System32\combase.dll
0x00007ffafe240000 - 0x00007ffafe335000 	C:\WINDOWS\System32\ucrtbase.dll
0x00007ffafe7f0000 - 0x00007ffafe85a000 	C:\WINDOWS\System32\bcryptPrimitives.dll
0x00007ffb01b00000 - 0x00007ffb01b2e000 	C:\WINDOWS\System32\IMM32.DLL
0x0000000054790000 - 0x0000000054862000 	C:\Program Files\Java\jdk1.8.0_25\jre\bin\msvcr100.dll
0x0000000053610000 - 0x0000000053e6a000 	C:\Program Files\Java\jdk1.8.0_25\jre\bin\server\jvm.dll
0x00007ffb00810000 - 0x00007ffb00818000 	C:\WINDOWS\System32\PSAPI.DLL
0x00007ffaefa50000 - 0x00007ffaefa59000 	C:\WINDOWS\SYSTEM32\WSOCK32.dll
0x00007ffb008e0000 - 0x00007ffb0094a000 	C:\WINDOWS\System32\WS2_32.dll
0x00007ffafc5c0000 - 0x00007ffafc5e3000 	C:\WINDOWS\SYSTEM32\WINMM.dll
0x00007ffafc560000 - 0x00007ffafc58b000 	C:\WINDOWS\SYSTEM32\WINMMBASE.dll
0x00007ffafe1f0000 - 0x00007ffafe232000 	C:\WINDOWS\System32\cfgmgr32.dll
0x0000000054780000 - 0x000000005478f000 	C:\Program Files\Java\jdk1.8.0_25\jre\bin\verify.dll
0x0000000054750000 - 0x0000000054778000 	C:\Program Files\Java\jdk1.8.0_25\jre\bin\java.dll
0x0000000054730000 - 0x0000000054746000 	C:\Program Files\Java\jdk1.8.0_25\jre\bin\zip.dll
0x00007ffaff2a0000 - 0x00007ffb007a9000 	C:\WINDOWS\System32\SHELL32.dll
0x00007ffafe860000 - 0x00007ffafef3a000 	C:\WINDOWS\System32\windows.storage.dll
0x00007ffafe130000 - 0x00007ffafe17c000 	C:\WINDOWS\System32\powrprof.dll
0x00007ffb01aa0000 - 0x00007ffb01af2000 	C:\WINDOWS\System32\shlwapi.dll
0x00007ffafe180000 - 0x00007ffafe18f000 	C:\WINDOWS\System32\kernel.appcore.dll
0x00007ffafef40000 - 0x00007ffafefe9000 	C:\WINDOWS\System32\shcore.dll
0x00007ffafe100000 - 0x00007ffafe114000 	C:\WINDOWS\System32\profapi.dll
0x00007ffaf9d00000 - 0x00007ffaf9e92000 	C:\WINDOWS\SYSTEM32\dbghelp.dll

VM Arguments:
jvm_args: -Djava.awt.headless=true -Xmx1024M -Dfile.encoding=windows-1252 -Duser.country=US -Duser.language=en -Duser.variant 
java_command: com.android.dx.command.Main --dex --verbose --force-jumbo --num-threads=4 --multi-dex --output C:\Users\Louis\Documents\git\PhController\app\build\intermediates\transforms\dex\debug\folders\1000\10\com.android.support-appcompat-v7-23.4.0_0e7d3057e22fb0bcb97aa2c7ad1f252294ffd9a1 C:\Users\Louis\Documents\git\PhController\app\build\intermediates\exploded-aar\com.android.support\appcompat-v7\23.4.0\jars\classes.jar
java_class_path (initial): C:\Users\Louis\AppData\Local\Android\sdk\build-tools\23.0.2\lib\dx.jar
Launcher Type: SUN_STANDARD

Environment Variables:
JAVA_HOME=C:\Program Files\Java\jdk1.8.0_25
CLASSPATH=C:\Program Files\libsvm-3.20\java\libsvm.jar;C:\Program Files\wekaclassalgos1.8\wekaclassalgos.jar
PATH=C:\Python27\;C:\Python27\Scripts;C:\ProgramData\Oracle\Java\javapath;C:\Program Files (x86)\Intel\iCLS Client\;C:\Program Files\Intel\iCLS Client\;C:\WINDOWS\system32;C:\WINDOWS;C:\WINDOWS\System32\Wbem;C:\WINDOWS\System32\WindowsPowerShell\v1.0\;C:\Program Files\Intel\WiFi\bin\;C:\Program Files\Common Files\Intel\WirelessCommon\;C:\Program Files (x86)\Intel\OpenCL SDK\2.0\bin\x86;C:\Program Files (x86)\Intel\OpenCL SDK\2.0\bin\x64;C:\Program Files (x86)\Windows Live\Shared;C:\Program Files\Condusiv Technologies\IntelliMemory\;C:\Python27;C:\Program Files (x86)\PharosSystems\Core;C:\Program Files (x86)\MiKTeX 2.9\miktex\bin\;C:\WINDOWS\system32;C:\WINDOWS;C:\WINDOWS\System32\Wbem;C:\WINDOWS\System32\WindowsPowerShell\v1.0\;C:\Program Files\nodejs\;C:\WINDOWS\system32\config\systemprofile\.dnx\bin;C:\Program Files\Microsoft DNX\Dnvm\;C:\Program Files (x86)\Intel\Intel(R) Management Engine Components\DAL;C:\Program Files\Intel\Intel(R) Management Engine Components\DAL;C:\Program Files (x86)\Intel\Intel(R) Management Engine Components\IPT;C:\Program Files\Intel\Intel(R) Management Engine Components\IPT;C:\Program Files\MATLAB\R2016a\bin;C:\Program Files (x86)\Nmap;C:\Program Files (x86)\GnuWin32\bin;C:\Program Files\Java\jdk1.8.0_25\bin;C:\Program Files\MongoDb\Server\3.0\bin;C:\Program Files\libspotify\lib;C:\Program Files\apache-ant\bin;C:\Users\Louis\AppData\Roaming\MiKTeX\2.9\miktex\bin\;C:\Users\Louis\AppData\Roaming\npm;%USERPROFILE%\AppData\Local\Microsoft\WindowsApps;
USERNAME=Louis
OS=Windows_NT
PROCESSOR_IDENTIFIER=Intel64 Family 6 Model 58 Stepping 9, GenuineIntel



---------------  S Y S T E M  ---------------

OS: Windows 8.1 , 64 bit Build 9600 

CPU:total 4 (2 cores per cpu, 2 threads per core) family 6 model 58 stepping 9, cmov, cx8, fxsr, mmx, sse, sse2, sse3, ssse3, sse4.1, sse4.2, popcnt, avx, aes, clmul, erms, ht, tsc, tscinvbit, tscinv

Memory: 4k page, physical 4076052k(449064k free), swap 14377076k(4884k free)

vm_info: Java HotSpot(TM) 64-Bit Server VM (25.25-b02) for windows-amd64 JRE (1.8.0_25-b18), built on Oct  7 2014 14:25:37 by "java_re" with MS VC++ 10.0 (VS2010)

time: Sun Nov 13 23:16:12 2016
elapsed time: 3 seconds (0d 0h 0m 3s)

