#
# There is insufficient memory for the Java Runtime Environment to continue.
# Native memory allocation (malloc) failed to allocate 65552 bytes for Chunk::new
# Possible reasons:
#   The system is out of physical RAM or swap space
#   In 32 bit mode, the process size limit was hit
# Possible solutions:
#   Reduce memory load on the system
#   Increase physical memory or swap space
#   Check if swap backing store is full
#   Use 64 bit Java on a 64 bit OS
#   Decrease Java heap size (-Xmx/-Xms)
#   Decrease number of Java threads
#   Decrease Java thread stack sizes (-Xss)
#   Set larger code cache with -XX:ReservedCodeCacheSize=
# This output file may be truncated or incomplete.
#
#  Out of Memory Error (allocation.cpp:390), pid=14268, tid=6488
#
# JRE version: Java(TM) SE Runtime Environment (8.0_25-b18) (build 1.8.0_25-b18)
# Java VM: Java HotSpot(TM) 64-Bit Server VM (25.25-b02 mixed mode windows-amd64 compressed oops)
# Failed to write core dump. Minidumps are not enabled by default on client versions of Windows
#

---------------  T H R E A D  ---------------

Current thread (0x000000001572c800):  JavaThread "C2 CompilerThread0" daemon [_thread_in_native, id=6488, stack(0x0000000016ca0000,0x0000000016da0000)]

Stack: [0x0000000016ca0000,0x0000000016da0000]
Native frames: (J=compiled Java code, j=interpreted, Vv=VM code, C=native code)
V  [jvm.dll+0x31667a]
V  [jvm.dll+0x267073]
V  [jvm.dll+0x267cb3]
V  [jvm.dll+0x25f5b5]
V  [jvm.dll+0xbf165]
V  [jvm.dll+0xbf60c]
V  [jvm.dll+0xbf8b4]
V  [jvm.dll+0x4e6020]
V  [jvm.dll+0x49e5ef]
V  [jvm.dll+0x452275]
V  [jvm.dll+0x453864]
V  [jvm.dll+0x437372]
V  [jvm.dll+0x98a02]
V  [jvm.dll+0x991f3]
V  [jvm.dll+0x22bde4]
V  [jvm.dll+0x2852fa]
C  [msvcr100.dll+0x21d9f]
C  [msvcr100.dll+0x21e3b]
C  [KERNEL32.DLL+0x8364]
C  [ntdll.dll+0x65e91]


Current CompileTask:
C2:   4496  974       4       com.android.dx.ssa.NormalSsaInsn::accept (25 bytes)


---------------  P R O C E S S  ---------------

Java Threads: ( => current thread )
  0x0000000017414000 JavaThread "pool-2-thread-4" [_thread_in_Java, id=2684, stack(0x00000000179a0000,0x0000000017aa0000)]
  0x00000000172ed000 JavaThread "pool-3-thread-1" [_thread_blocked, id=15976, stack(0x00000000176a0000,0x00000000177a0000)]
  0x000000001578b000 JavaThread "Service Thread" daemon [_thread_blocked, id=13192, stack(0x0000000016fa0000,0x00000000170a0000)]
  0x0000000015781000 JavaThread "C1 CompilerThread2" daemon [_thread_blocked, id=5388, stack(0x0000000016ea0000,0x0000000016fa0000)]
  0x000000001577e000 JavaThread "C2 CompilerThread1" daemon [_thread_in_native, id=6308, stack(0x0000000016da0000,0x0000000016ea0000)]
=>0x000000001572c800 JavaThread "C2 CompilerThread0" daemon [_thread_in_native, id=6488, stack(0x0000000016ca0000,0x0000000016da0000)]
  0x000000001572a000 JavaThread "Attach Listener" daemon [_thread_blocked, id=3752, stack(0x0000000016ba0000,0x0000000016ca0000)]
  0x0000000015729000 JavaThread "Signal Dispatcher" daemon [_thread_blocked, id=15004, stack(0x0000000016aa0000,0x0000000016ba0000)]
  0x000000000304f800 JavaThread "Finalizer" daemon [_thread_blocked, id=15512, stack(0x00000000169a0000,0x0000000016aa0000)]
  0x000000000304c000 JavaThread "Reference Handler" daemon [_thread_blocked, id=6656, stack(0x00000000168a0000,0x00000000169a0000)]
  0x0000000002f5d800 JavaThread "main" [_thread_blocked, id=4412, stack(0x0000000002de0000,0x0000000002ee0000)]

Other Threads:
  0x00000000156f6000 VMThread [stack: 0x00000000167a0000,0x00000000168a0000] [id=11272]
  0x000000001578e800 WatcherThread [stack: 0x00000000170a0000,0x00000000171a0000] [id=5208]

VM state:not at safepoint (normal execution)

VM Mutex/Monitor currently owned by a thread: None

Heap:
 PSYoungGen      total 18944K, used 7202K [0x00000000eab00000, 0x00000000ec000000, 0x0000000100000000)
  eden space 16384K, 28% used [0x00000000eab00000,0x00000000eaf8ca70,0x00000000ebb00000)
  from space 2560K, 99% used [0x00000000ebb00000,0x00000000ebd7c028,0x00000000ebd80000)
  to   space 2560K, 0% used [0x00000000ebd80000,0x00000000ebd80000,0x00000000ec000000)
 ParOldGen       total 44032K, used 1568K [0x00000000c0000000, 0x00000000c2b00000, 0x00000000eab00000)
  object space 44032K, 3% used [0x00000000c0000000,0x00000000c0188020,0x00000000c2b00000)
 Metaspace       used 5715K, capacity 6768K, committed 7040K, reserved 1056768K
  class space    used 582K, capacity 616K, committed 640K, reserved 1048576K

Card table byte_map: [0x0000000012420000,0x0000000012630000] byte_map_base: 0x0000000011e20000

Marking Bits: (ParMarkBitMap*) 0x0000000053ded490
 Begin Bits: [0x0000000012b90000, 0x0000000013b90000)
 End Bits:   [0x0000000013b90000, 0x0000000014b90000)

Polling page: 0x0000000001160000

CodeCache: size=245760Kb used=4168Kb max_used=4169Kb free=241591Kb
 bounds [0x0000000003060000, 0x0000000003480000, 0x0000000012060000]
 total_blobs=1319 nmethods=1054 adapters=177
 compilation: enabled

Compilation events (10 events):
Event: 4.236 Thread 0x0000000015781000 nmethod 984 0x000000000343a250 code [0x000000000343a400, 0x000000000343aad8]
Event: 4.238 Thread 0x0000000015781000  985       3       com.android.dx.ssa.BasicRegisterMapper::oldToNew (22 bytes)
Event: 4.238 Thread 0x0000000015781000 nmethod 985 0x0000000003439d10 code [0x0000000003439e80, 0x000000000343a168]
Event: 4.238 Thread 0x0000000015781000  986       3       com.android.dx.ssa.back.FirstFitLocalCombiningAllocator::tryMapRegs (110 bytes)
Event: 4.240 Thread 0x0000000015781000 nmethod 986 0x000000000343d890 code [0x000000000343dae0, 0x000000000343e898]
Event: 4.240 Thread 0x0000000015781000  987       1       com.android.dx.ssa.back.FirstFitLocalCombiningAllocator$Multiset::getSize (5 bytes)
Event: 4.240 Thread 0x0000000015781000 nmethod 987 0x0000000003439a50 code [0x0000000003439ba0, 0x0000000003439cb0]
Event: 4.240 Thread 0x0000000015781000  988       3       com.android.dx.ssa.SsaMethod::onSourceChanged (65 bytes)
Event: 4.241 Thread 0x0000000015781000 nmethod 988 0x000000000343f050 code [0x000000000343f220, 0x000000000343fa98]
Event: 4.241 Thread 0x0000000015781000  989       3       com.android.dx.rop.cst.CstString::equals (24 bytes)

GC Heap History (2 events):
Event: 4.131 GC heap before
{Heap before GC invocations=1 (full 0):
 PSYoungGen      total 18944K, used 16384K [0x00000000eab00000, 0x00000000ec000000, 0x0000000100000000)
  eden space 16384K, 100% used [0x00000000eab00000,0x00000000ebb00000,0x00000000ebb00000)
  from space 2560K, 0% used [0x00000000ebd80000,0x00000000ebd80000,0x00000000ec000000)
  to   space 2560K, 0% used [0x00000000ebb00000,0x00000000ebb00000,0x00000000ebd80000)
 ParOldGen       total 44032K, used 0K [0x00000000c0000000, 0x00000000c2b00000, 0x00000000eab00000)
  object space 44032K, 0% used [0x00000000c0000000,0x00000000c0000000,0x00000000c2b00000)
 Metaspace       used 5683K, capacity 6768K, committed 7040K, reserved 1056768K
  class space    used 582K, capacity 616K, committed 640K, reserved 1048576K
Event: 4.207 GC heap after
Heap after GC invocations=1 (full 0):
 PSYoungGen      total 18944K, used 2544K [0x00000000eab00000, 0x00000000ec000000, 0x0000000100000000)
  eden space 16384K, 0% used [0x00000000eab00000,0x00000000eab00000,0x00000000ebb00000)
  from space 2560K, 99% used [0x00000000ebb00000,0x00000000ebd7c028,0x00000000ebd80000)
  to   space 2560K, 0% used [0x00000000ebd80000,0x00000000ebd80000,0x00000000ec000000)
 ParOldGen       total 44032K, used 1568K [0x00000000c0000000, 0x00000000c2b00000, 0x00000000eab00000)
  object space 44032K, 3% used [0x00000000c0000000,0x00000000c0188020,0x00000000c2b00000)
 Metaspace       used 5683K, capacity 6768K, committed 7040K, reserved 1056768K
  class space    used 582K, capacity 616K, committed 640K, reserved 1048576K
}

Deoptimization events (10 events):
Event: 3.059 Thread 0x0000000017414000 Uncommon trap: reason=unloaded action=reinterpret pc=0x0000000003301450 method=com.android.dx.ssa.SsaRenamer$BlockRenamer.visitMoveInsn(Lcom/android/dx/ssa/NormalSsaInsn;)V @ 208
Event: 3.229 Thread 0x0000000017414000 Uncommon trap: reason=unreached action=reinterpret pc=0x0000000003349510 method=com.android.dx.rop.code.RegisterSpec.equals(ILcom/android/dx/rop/type/TypeBearer;Lcom/android/dx/rop/code/LocalItem;)Z @ 24
Event: 3.234 Thread 0x0000000017414000 Uncommon trap: reason=class_check action=maybe_recompile pc=0x00000000033a12e0 method=com.android.dx.rop.type.Type.equals(Ljava/lang/Object;)Z @ 8
Event: 3.234 Thread 0x0000000017414000 Uncommon trap: reason=class_check action=maybe_recompile pc=0x00000000033a12e0 method=com.android.dx.rop.type.Type.equals(Ljava/lang/Object;)Z @ 8
Event: 3.234 Thread 0x0000000017414000 Uncommon trap: reason=class_check action=maybe_recompile pc=0x00000000033a12e0 method=com.android.dx.rop.type.Type.equals(Ljava/lang/Object;)Z @ 8
Event: 3.234 Thread 0x0000000017414000 Uncommon trap: reason=class_check action=maybe_recompile pc=0x00000000033a12e0 method=com.android.dx.rop.type.Type.equals(Ljava/lang/Object;)Z @ 8
Event: 3.525 Thread 0x0000000017414000 Uncommon trap: reason=unreached action=reinterpret pc=0x00000000033223b0 method=com.android.dx.rop.code.RegisterSpec.equals(ILcom/android/dx/rop/type/TypeBearer;Lcom/android/dx/rop/code/LocalItem;)Z @ 24
Event: 3.852 Thread 0x0000000017414000 Uncommon trap: reason=unreached action=reinterpret pc=0x0000000003280400 method=java.util.HashMap.getNode(ILjava/lang/Object;)Ljava/util/HashMap$Node; @ 84
Event: 3.852 Thread 0x0000000017414000 Uncommon trap: reason=unreached action=reinterpret pc=0x000000000326aef4 method=java.util.HashMap.getNode(ILjava/lang/Object;)Ljava/util/HashMap$Node; @ 84
Event: 4.210 Thread 0x0000000017414000 Uncommon trap: reason=null_check action=make_not_entrant pc=0x00000000033ff4c4 method=com.android.dx.ssa.SsaRenamer.getLocalForNewReg(I)Lcom/android/dx/rop/code/LocalItem; @ 19

Internal exceptions (10 events):
Event: 2.587 Thread 0x00000000172ee000 Exception <a 'java/security/PrivilegedActionException'> (0x00000000eb46bb38) thrown at [D:\re\workspace\8-2-build-windows-amd64-cygwin\jdk8u25\1677\hotspot\src\share\vm\prims\jvm.cpp, line 1312]
Event: 2.588 Thread 0x00000000172ee000 Exception <a 'java/security/PrivilegedActionException'> (0x00000000eb471550) thrown at [D:\re\workspace\8-2-build-windows-amd64-cygwin\jdk8u25\1677\hotspot\src\share\vm\prims\jvm.cpp, line 1312]
Event: 2.589 Thread 0x00000000172ee000 Exception <a 'java/security/PrivilegedActionException'> (0x00000000eb47a210) thrown at [D:\re\workspace\8-2-build-windows-amd64-cygwin\jdk8u25\1677\hotspot\src\share\vm\prims\jvm.cpp, line 1312]
Event: 2.590 Thread 0x00000000172ee000 Exception <a 'java/security/PrivilegedActionException'> (0x00000000eb47f768) thrown at [D:\re\workspace\8-2-build-windows-amd64-cygwin\jdk8u25\1677\hotspot\src\share\vm\prims\jvm.cpp, line 1312]
Event: 2.591 Thread 0x00000000172ee000 Exception <a 'java/security/PrivilegedActionException'> (0x00000000eb482750) thrown at [D:\re\workspace\8-2-build-windows-amd64-cygwin\jdk8u25\1677\hotspot\src\share\vm\prims\jvm.cpp, line 1312]
Event: 2.592 Thread 0x00000000172ee000 Exception <a 'java/security/PrivilegedActionException'> (0x00000000eb485da8) thrown at [D:\re\workspace\8-2-build-windows-amd64-cygwin\jdk8u25\1677\hotspot\src\share\vm\prims\jvm.cpp, line 1312]
Event: 2.607 Thread 0x00000000173ea000 Exception <a 'java/security/PrivilegedActionException'> (0x00000000eb552df0) thrown at [D:\re\workspace\8-2-build-windows-amd64-cygwin\jdk8u25\1677\hotspot\src\share\vm\prims\jvm.cpp, line 1312]
Event: 2.858 Thread 0x00000000173ea000 Exception <a 'java/security/PrivilegedActionException'> (0x00000000eb6065e8) thrown at [D:\re\workspace\8-2-build-windows-amd64-cygwin\jdk8u25\1677\hotspot\src\share\vm\prims\jvm.cpp, line 1312]
Event: 3.233 Thread 0x0000000017414000 Exception <a 'java/security/PrivilegedActionException'> (0x00000000eb830bd8) thrown at [D:\re\workspace\8-2-build-windows-amd64-cygwin\jdk8u25\1677\hotspot\src\share\vm\prims\jvm.cpp, line 1312]
Event: 4.210 Thread 0x0000000017414000 Implicit null exception at 0x00000000033fd1c3 to 0x00000000033ff4a1

Events (10 events):
Event: 3.852 Thread 0x0000000017414000 DEOPT UNPACKING pc=0x00000000030a556a sp=0x0000000017a9e350 mode 2
Event: 4.089 Thread 0x0000000017414000 DEOPT PACKING pc=0x0000000003322ba2 sp=0x0000000017a9e560
Event: 4.089 Thread 0x0000000017414000 DEOPT UNPACKING pc=0x00000000030a75bf sp=0x0000000017a9e2c8 mode 0
Event: 4.131 Executing VM operation: ParallelGCFailedAllocation
Event: 4.207 Executing VM operation: ParallelGCFailedAllocation done
Event: 4.207 loading class sun/misc/Cleaner
Event: 4.207 loading class sun/misc/Cleaner done
Event: 4.210 Thread 0x0000000017414000 Uncommon trap: trap_request=0xfffffff4 fr.pc=0x00000000033ff4c4
Event: 4.210 Thread 0x0000000017414000 DEOPT PACKING pc=0x00000000033ff4c4 sp=0x0000000017a9e630
Event: 4.210 Thread 0x0000000017414000 DEOPT UNPACKING pc=0x00000000030a556a sp=0x0000000017a9e4c8 mode 2


Dynamic libraries:
0x00007ff737280000 - 0x00007ff7372b4000 	C:\Program Files\Java\jdk1.8.0_25\bin\java.exe
0x00007ffb01ca0000 - 0x00007ffb01e71000 	C:\WINDOWS\SYSTEM32\ntdll.dll
0x00007ffb00830000 - 0x00007ffb008db000 	C:\WINDOWS\System32\KERNEL32.DLL
0x00007ffafeff0000 - 0x00007ffaff20d000 	C:\WINDOWS\System32\KERNELBASE.dll
0x00007ffb01b30000 - 0x00007ffb01bd2000 	C:\WINDOWS\System32\ADVAPI32.dll
0x00007ffb016c0000 - 0x00007ffb0175e000 	C:\WINDOWS\System32\msvcrt.dll
0x00007ffb01a40000 - 0x00007ffb01a99000 	C:\WINDOWS\System32\sechost.dll
0x00007ffb00950000 - 0x00007ffb00a71000 	C:\WINDOWS\System32\RPCRT4.dll
0x00007ffb00f80000 - 0x00007ffb010e5000 	C:\WINDOWS\System32\USER32.dll
0x00007ffaff210000 - 0x00007ffaff22e000 	C:\WINDOWS\System32\win32u.dll
0x00007ffb01250000 - 0x00007ffb01284000 	C:\WINDOWS\System32\GDI32.dll
0x00007ffafe490000 - 0x00007ffafe612000 	C:\WINDOWS\System32\gdi32full.dll
0x00007ffaf1a60000 - 0x00007ffaf1cda000 	C:\WINDOWS\WinSxS\amd64_microsoft.windows.common-controls_6595b64144ccf1df_6.0.14393.351_none_4213128bc687e6d3\COMCTL32.dll
0x00007ffb00ae0000 - 0x00007ffb00da7000 	C:\WINDOWS\System32\combase.dll
0x00007ffafe240000 - 0x00007ffafe335000 	C:\WINDOWS\System32\ucrtbase.dll
0x00007ffafe7f0000 - 0x00007ffafe85a000 	C:\WINDOWS\System32\bcryptPrimitives.dll
0x00007ffb01b00000 - 0x00007ffb01b2e000 	C:\WINDOWS\System32\IMM32.DLL
0x0000000054790000 - 0x0000000054862000 	C:\Program Files\Java\jdk1.8.0_25\jre\bin\msvcr100.dll
0x0000000053610000 - 0x0000000053e6a000 	C:\Program Files\Java\jdk1.8.0_25\jre\bin\server\jvm.dll
0x00007ffb00810000 - 0x00007ffb00818000 	C:\WINDOWS\System32\PSAPI.DLL
0x00007ffaefa50000 - 0x00007ffaefa59000 	C:\WINDOWS\SYSTEM32\WSOCK32.dll
0x00007ffafc5c0000 - 0x00007ffafc5e3000 	C:\WINDOWS\SYSTEM32\WINMM.dll
0x00007ffb008e0000 - 0x00007ffb0094a000 	C:\WINDOWS\System32\WS2_32.dll
0x00007ffafc560000 - 0x00007ffafc58b000 	C:\WINDOWS\SYSTEM32\WINMMBASE.dll
0x00007ffafe1f0000 - 0x00007ffafe232000 	C:\WINDOWS\System32\cfgmgr32.dll
0x0000000054780000 - 0x000000005478f000 	C:\Program Files\Java\jdk1.8.0_25\jre\bin\verify.dll
0x0000000054750000 - 0x0000000054778000 	C:\Program Files\Java\jdk1.8.0_25\jre\bin\java.dll
0x0000000054730000 - 0x0000000054746000 	C:\Program Files\Java\jdk1.8.0_25\jre\bin\zip.dll
0x00007ffaff2a0000 - 0x00007ffb007a9000 	C:\WINDOWS\System32\SHELL32.dll
0x00007ffafe860000 - 0x00007ffafef3a000 	C:\WINDOWS\System32\windows.storage.dll
0x00007ffafe130000 - 0x00007ffafe17c000 	C:\WINDOWS\System32\powrprof.dll
0x00007ffb01aa0000 - 0x00007ffb01af2000 	C:\WINDOWS\System32\shlwapi.dll
0x00007ffafe180000 - 0x00007ffafe18f000 	C:\WINDOWS\System32\kernel.appcore.dll
0x00007ffafef40000 - 0x00007ffafefe9000 	C:\WINDOWS\System32\shcore.dll
0x00007ffafe100000 - 0x00007ffafe114000 	C:\WINDOWS\System32\profapi.dll
0x00007ffaf9d00000 - 0x00007ffaf9e92000 	C:\WINDOWS\SYSTEM32\dbghelp.dll

VM Arguments:
jvm_args: -Djava.awt.headless=true -Xmx1024M -Dfile.encoding=windows-1252 -Duser.country=US -Duser.language=en -Duser.variant 
java_command: com.android.dx.command.Main --dex --verbose --force-jumbo --num-threads=4 --multi-dex --output C:\Users\Louis\Documents\git\PhController\app\build\intermediates\transforms\dex\debug\folders\1000\5\slice_7 C:\Users\Louis\Documents\git\PhController\app\build\intermediates\transforms\instantRunSlicer\debug\folders\1\5\slice_7
java_class_path (initial): C:\Users\Louis\AppData\Local\Android\sdk\build-tools\23.0.2\lib\dx.jar
Launcher Type: SUN_STANDARD

Environment Variables:
JAVA_HOME=C:\Program Files\Java\jdk1.8.0_25
CLASSPATH=C:\Program Files\libsvm-3.20\java\libsvm.jar;C:\Program Files\wekaclassalgos1.8\wekaclassalgos.jar
PATH=C:\Python27\;C:\Python27\Scripts;C:\ProgramData\Oracle\Java\javapath;C:\Program Files (x86)\Intel\iCLS Client\;C:\Program Files\Intel\iCLS Client\;C:\WINDOWS\system32;C:\WINDOWS;C:\WINDOWS\System32\Wbem;C:\WINDOWS\System32\WindowsPowerShell\v1.0\;C:\Program Files\Intel\WiFi\bin\;C:\Program Files\Common Files\Intel\WirelessCommon\;C:\Program Files (x86)\Intel\OpenCL SDK\2.0\bin\x86;C:\Program Files (x86)\Intel\OpenCL SDK\2.0\bin\x64;C:\Program Files (x86)\Windows Live\Shared;C:\Program Files\Condusiv Technologies\IntelliMemory\;C:\Python27;C:\Program Files (x86)\PharosSystems\Core;C:\Program Files (x86)\MiKTeX 2.9\miktex\bin\;C:\WINDOWS\system32;C:\WINDOWS;C:\WINDOWS\System32\Wbem;C:\WINDOWS\System32\WindowsPowerShell\v1.0\;C:\Program Files\nodejs\;C:\WINDOWS\system32\config\systemprofile\.dnx\bin;C:\Program Files\Microsoft DNX\Dnvm\;C:\Program Files (x86)\Intel\Intel(R) Management Engine Components\DAL;C:\Program Files\Intel\Intel(R) Management Engine Components\DAL;C:\Program Files (x86)\Intel\Intel(R) Management Engine Components\IPT;C:\Program Files\Intel\Intel(R) Management Engine Components\IPT;C:\Program Files\MATLAB\R2016a\bin;C:\Program Files (x86)\Nmap;C:\Program Files (x86)\GnuWin32\bin;C:\Program Files\Java\jdk1.8.0_25\bin;C:\Program Files\MongoDb\Server\3.0\bin;C:\Program Files\libspotify\lib;C:\Program Files\apache-ant\bin;C:\Users\Louis\AppData\Roaming\MiKTeX\2.9\miktex\bin\;C:\Users\Louis\AppData\Roaming\npm;%USERPROFILE%\AppData\Local\Microsoft\WindowsApps;
USERNAME=Louis
OS=Windows_NT
PROCESSOR_IDENTIFIER=Intel64 Family 6 Model 58 Stepping 9, GenuineIntel



---------------  S Y S T E M  ---------------

OS: Windows 8.1 , 64 bit Build 9600 

CPU:total 4 (2 cores per cpu, 2 threads per core) family 6 model 58 stepping 9, cmov, cx8, fxsr, mmx, sse, sse2, sse3, ssse3, sse4.1, sse4.2, popcnt, avx, aes, clmul, erms, ht, tsc, tscinvbit, tscinv

Memory: 4k page, physical 4076052k(314272k free), swap 14377076k(492k free)

vm_info: Java HotSpot(TM) 64-Bit Server VM (25.25-b02) for windows-amd64 JRE (1.8.0_25-b18), built on Oct  7 2014 14:25:37 by "java_re" with MS VC++ 10.0 (VS2010)

time: Sun Nov 13 23:09:18 2016
elapsed time: 4 seconds (0d 0h 0m 4s)

